0 info it worked if it ends with ok
1 verbose cli [ '/usr/local/Cellar/node/0.10.18/bin/node',
1 verbose cli   '/usr/local/bin/npm',
1 verbose cli   'shrinkwrap' ]
2 info using npm@1.3.8
3 info using node@v0.10.18
4 error Error: ENOENT, open '/Users/omr/code/PRACTICAS/game_snake_arduino/package.json'
5 error If you need help, you may report this log at:
5 error     <http://github.com/isaacs/npm/issues>
5 error or email it to:
5 error     <npm-@googlegroups.com>
6 error System Darwin 12.4.0
7 error command "/usr/local/Cellar/node/0.10.18/bin/node" "/usr/local/bin/npm" "shrinkwrap"
8 error cwd /Users/omr/code/PRACTICAS/game_snake_arduino
9 error node -v v0.10.18
10 error npm -v 1.3.8
11 error path /Users/omr/code/PRACTICAS/game_snake_arduino/package.json
12 error code ENOENT
13 error errno 34
14 verbose exit [ 34, true ]
